0 info it worked if it ends with ok
1 verbose cli [ 'C:\\nodejs\\node.exe',
1 verbose cli   'C:\\nodejs\\node_modules\\npm\\bin\\npm-cli.js',
1 verbose cli   'run',
1 verbose cli   'serve' ]
2 info using npm@4.1.2
3 info using node@v4.2.1
4 verbose run-script [ 'preserve', 'serve', 'postserve' ]
5 info lifecycle Firebrand@0.1.0~preserve: Firebrand@0.1.0
6 silly lifecycle Firebrand@0.1.0~preserve: no script for preserve, continuing
7 info lifecycle Firebrand@0.1.0~serve: Firebrand@0.1.0
8 verbose lifecycle Firebrand@0.1.0~serve: unsafe-perm in lifecycle true
9 verbose lifecycle Firebrand@0.1.0~serve: PATH: C:\nodejs\node_modules\npm\bin\node-gyp-bin;C:\wamp\www\firebrand\node_modules\.bin;C:\nodejs\node_modules\npm\bin\node-gyp-bin;C:\wamp\www\firebrand\node_modules\.bin;C:\Windows\system32;C:\Windows;C:\Windows\System32\Wbem;C:\Windows\System32\WindowsPowerShell\v1.0\;C:\Program Files (x86)\GtkSharp\2.12\bin;C:\Windows\system32\config\systemprofile\.dnx\bin;C:\Program Files\Microsoft DNX\Dnvm\;C:\Program Files (x86)\Windows Kits\8.1\Windows Performance Toolkit\;C:\Program Files\Microsoft SQL Server\130\Tools\Binn\;C:\Program Files (x86)\GitExtensions\;C:\Program Files\Git\cmd;C:\nodejs
10 verbose lifecycle Firebrand@0.1.0~serve: CWD: C:\wamp\www\firebrand
11 silly lifecycle Firebrand@0.1.0~serve: Args: [ '/d /s /c',
11 silly lifecycle   'light-server -s ./build -p 7000 -w "./build/** # echo reloaded" --interval 100' ]
12 silly lifecycle Firebrand@0.1.0~serve: Returned: code: 2  signal: null
13 info lifecycle Firebrand@0.1.0~serve: Failed to exec serve script
14 verbose stack Error: Firebrand@0.1.0 serve: `light-server -s ./build -p 7000 -w "./build/** # echo reloaded" --interval 100`
14 verbose stack Exit status 2
14 verbose stack     at EventEmitter.<anonymous> (C:\nodejs\node_modules\npm\lib\utils\lifecycle.js:279:16)
14 verbose stack     at emitTwo (events.js:87:13)
14 verbose stack     at EventEmitter.emit (events.js:172:7)
14 verbose stack     at ChildProcess.<anonymous> (C:\nodejs\node_modules\npm\lib\utils\spawn.js:40:14)
14 verbose stack     at emitTwo (events.js:87:13)
14 verbose stack     at ChildProcess.emit (events.js:172:7)
14 verbose stack     at maybeClose (internal/child_process.js:818:16)
14 verbose stack     at Process.ChildProcess._handle.onexit (internal/child_process.js:211:5)
15 verbose pkgid Firebrand@0.1.0
16 verbose cwd C:\wamp\www\firebrand
17 error Windows_NT 6.1.7601
18 error argv "C:\\nodejs\\node.exe" "C:\\nodejs\\node_modules\\npm\\bin\\npm-cli.js" "run" "serve"
19 error node v4.2.1
20 error npm  v4.1.2
21 error code ELIFECYCLE
22 error Firebrand@0.1.0 serve: `light-server -s ./build -p 7000 -w "./build/** # echo reloaded" --interval 100`
22 error Exit status 2
23 error Failed at the Firebrand@0.1.0 serve script 'light-server -s ./build -p 7000 -w "./build/** # echo reloaded" --interval 100'.
23 error Make sure you have the latest version of node.js and npm installed.
23 error If you do, this is most likely a problem with the Firebrand package,
23 error not with npm itself.
23 error Tell the author that this fails on your system:
23 error     light-server -s ./build -p 7000 -w "./build/** # echo reloaded" --interval 100
23 error You can get information on how to open an issue for this project with:
23 error     npm bugs Firebrand
23 error Or if that isn't available, you can get their info via:
23 error     npm owner ls Firebrand
23 error There is likely additional logging output above.
24 verbose exit [ 1, true ]
